<?xml version="1.0" encoding="UTF-8"?>
<testsuite name="com.app.server.service.appbasicsetup.userrolemanagement.UserRoleBridgeTestCase" tests="7" skipped="0" failures="0" errors="0" timestamp="2016-06-04T11:51:45" hostname="98b99c3bd3b5" time="0.143">
  <properties/>
  <testcase name="test1Save" classname="com.app.server.service.appbasicsetup.userrolemanagement.UserRoleBridgeTestCase" time="0.073"/>
  <testcase name="test2Update" classname="com.app.server.service.appbasicsetup.userrolemanagement.UserRoleBridgeTestCase" time="0.011"/>
  <testcase name="test3FindById" classname="com.app.server.service.appbasicsetup.userrolemanagement.UserRoleBridgeTestCase" time="0.006"/>
  <testcase name="test3findByroleId" classname="com.app.server.service.appbasicsetup.userrolemanagement.UserRoleBridgeTestCase" time="0.006"/>
  <testcase name="test3findByuserId" classname="com.app.server.service.appbasicsetup.userrolemanagement.UserRoleBridgeTestCase" time="0.006"/>
  <testcase name="test5NegativeTesting" classname="com.app.server.service.appbasicsetup.userrolemanagement.UserRoleBridgeTestCase" time="0.004"/>
  <testcase name="test6Delete" classname="com.app.server.service.appbasicsetup.userrolemanagement.UserRoleBridgeTestCase" time="0.036"/>
  <system-out><![CDATA[Sat Jun 04 11:51:45 UTC 2016|Log Manager Factory|Initialization Process started.....
Sat Jun 04 11:51:45 UTC 2016|Log Manager|Initialized with Path = [/home/applifire/workspace/apptest2/src/main/webapp/WEB-INF/conf]
Sat Jun 04 11:51:45 UTC 2016|Alarm Manager|Initialized with Path = [/home/applifire/workspace/apptest2/src/main/webapp/WEB-INF/conf]
Sat Jun 04 11:51:45 UTC 2016|Alarm Manager|Loading Alarms ......
Sat Jun 04 11:51:45 UTC 2016|Alarm XML Parser|FWA|XML Parsing Complete........ 
Sat Jun 04 11:51:45 UTC 2016|Alarm File Manager|FWA|Alarm File Status.. [ApplicationFrameworkAlarms.xml]|Version=15|Status=Done 
Sat Jun 04 11:51:45 UTC 2016|Alarm File Manager|FWA|Alarm Stats = ( BC/AL=4/564 SYS=4/10 [564/0]  TPL=0/0 [0/0]  APP= A.Map=[645]  E.Map EC/RC=[238/66] )
Sat Jun 04 11:51:45 UTC 2016|Alarm XML Parser|APP|XML Parsing Complete........ 
Sat Jun 04 11:51:45 UTC 2016|Alarm File Manager|APP|Alarm File Status.. [ApplicationAlarms.xml]|Version=1|Status=Done 
Sat Jun 04 11:51:45 UTC 2016|Alarm File Manager|APP|Alarm Stats = ( BC/AL=4/564 SYS=4/10 [564/0]  TPL=0/0 [0/0]  APP=0/0 [0/0]  A.Map=[645]  E.Map EC/RC=[238/66] )
Sat Jun 04 11:51:45 UTC 2016|ApplicationAlarmContext| <><><><><> Create App Alarms ....  <><><><><> 
Sat Jun 04 11:51:45 UTC 2016|ApplicationAlarmContext|Alarms are generated ONLY in Development Mode.. 
Sat Jun 04 11:51:45 UTC 2016|Alarm Manager|APP|Alarm Stats = ( BC/AL=4/564 SYS=4/10 [564/0]  TPL=0/0 [0/0]  APP=0/0 [0/0]  A.Map=[645]  E.Map EC/RC=[238/66] )
Sat Jun 04 11:51:45 UTC 2016|Alarm Manager|Initialized Exception Lookup...
Sat Jun 04 11:51:45 UTC 2016|Log Manager|Initialize Log Config File ......
Sat Jun 04 11:51:45 UTC 2016|Pluggable Connectors|Adding Connectors : StandardOutputConnector isEnabled=true isDefault=false isFallBack=true
Sat Jun 04 11:51:45 UTC 2016|Pluggable Connectors|Adding Connectors : StandardFileConnector isEnabled=true isDefault=false isFallBack=false
Sat Jun 04 11:51:45 UTC 2016|Pluggable Connectors|Adding Connectors : Sprinkler isEnabled=true isDefault=true isFallBack=false
Sat Jun 04 11:51:45 UTC 2016|Pluggable Connectors|Default Connector Name : com.spartan.logger.core.LogMessenger
Sat Jun 04 11:51:45 UTC 2016|Log Config Parser|Connector Least Log Level =[4]  FallBack Log Level =[3]
Sat Jun 04 11:51:45 UTC 2016|Log Manager|Loading Default Connector for Logging ......
Sat Jun 04 11:51:45 UTC 2016|Log Manager|Loading class .. com.spartan.logger.core.LogMessenger
Sat Jun 04 11:51:45 UTC 2016|Plugggable Connector|Connector class com.spartan.logger.core.LogMessenger Initialized... @ Log Level = 3
Sat Jun 04 11:51:45 UTC 2016|Log Manager|Starting the Default Connector [com.spartan.logger.core.LogMessenger@384278e1] ....
Sat Jun 04 11:51:45 UTC 2016|Scheduler|Starting the Scheduler ......
Sat Jun 04 11:51:45 UTC 2016|Scheduler|Adding [LMID=[13685abc-595d-4c5a-aecc-630ec2db982f]] Delay=5 Time Unit=MINUTES
Sat Jun 04 11:51:45 UTC 2016|Scheduler|Adding [App Alarm Manager File=[ApplicationAlarms.xml]] Delay=30 Time Unit=MINUTES
Sat Jun 04 11:51:45 UTC 2016|Scheduler|Adding [FW Alarm Manager File=[ApplicationFrameworkAlarms.xml]] Delay=3 Time Unit=MINUTES
Sat Jun 04 11:51:45 UTC 2016|Scheduler|Startup Completed..
Sat Jun 04 11:51:45 UTC 2016|Log Manager|Initialization Process Complete ......
Sat Jun 04 11:51:45 UTC 2016|Log Manager Factory|Log Manager READY! ID = 13685abc-595d-4c5a-aecc-630ec2db982f
[EL Fine]: sql: 2016-06-04 11:51:45.733--ClientSession(930785881)--Connection(236444621)--Thread(Thread[Test worker,5,main])--INSERT INTO ast_UserAccessDomain_M (userAccessDomainId, domainDescription, domainHelp, domainIcon, domainName, userAccessDomain, versionId, createdBy, createdDate, updatedBy, updatedDate, activeStatus, txnAccessCode) VALUES (?, ?, ?, ?, ?, ?, ?, ?, ?, ?, ?, ?, ?)
	bind => [E55D3B95-1190-4BF5-A9F3-A9412C5DDE7E, 5NJOknGoKMkuVnXTsZnzF8fLVUu4t6lQuFdPTsRauiRM4YRGUD, tGuTgY6qiRsE8HTEG73cUOd1cz6yocSvdT4TEWPQNkyKjW4Z1d, U1Mq3qhCfeCrrDL8bvvs9WD33TPeYSiOpKsjQ3X89YdJ9hIWNy, omKoZQxkuBAmhdm0EjRlTZgQmG3x7cJ3DynrJnmGi0m6sfywOJ, 84126, 1, AAAAA, 2016-06-04 11:51:45.728, AAAAA, 2016-06-04 11:51:45.728, 1, 51000]
[EL Fine]: sql: 2016-06-04 11:51:45.74--ClientSession(74399388)--Connection(236444621)--Thread(Thread[Test worker,5,main])--INSERT INTO ast_UserAccessLevel_M (userAccessLevelId, levelDescription, levelHelp, levelIcon, levelName, userAccessLevel, versionId, createdBy, createdDate, updatedBy, updatedDate, activeStatus, txnAccessCode) VALUES (?, ?, ?, ?, ?, ?, ?, ?, ?, ?, ?, ?, ?)
	bind => [6C88664A-0131-4D6E-AB7A-192928BC23F5, ofyqIUGd9cgexkpVpq4Sfy2sLb3xpukgDJhifNIBAdLi0ZUaMt, YJwclVwt4tiWEZi5RD8gwvpcQLzmAjUYCZxh9dtiQ7H2KxtWVq, fAsYGoGMUWNaCZvlp6RpBuP4UmgImUetSa8F5rv0GIbSYRF5ET, 5DGv8pF6F3bS5Bty6FVk8P7zwnUQSSJ64UBPJrSf1SGEobaTSO, 32096, 1, AAAAA, 2016-06-04 11:51:45.736, AAAAA, 2016-06-04 11:51:45.736, 1, 51000]
[EL Fine]: sql: 2016-06-04 11:51:45.747--ClientSession(445855774)--Connection(236444621)--Thread(Thread[Test worker,5,main])--INSERT INTO ast_Question_M (questionId, levelid, question, questionDetails, questionIcon, versionId, createdBy, createdDate, updatedBy, updatedDate, activeStatus, txnAccessCode) VALUES (?, ?, ?, ?, ?, ?, ?, ?, ?, ?, ?, ?)
	bind => [497B0F08-8427-425C-BA65-A2A88A3C8734, 11, HgNMp7cLgx1YAlkzgyisfLLAMqQK4DJKHQuIiA1CKaDO8Fyi1A, yiSi6uvJkY, D9SK8ovXUPOPStD8VyuTlhfwwNrvC7FAhMsnGhIIUuLZdc9gsl, 1, AAAAA, 2016-06-04 11:51:45.743, AAAAA, 2016-06-04 11:51:45.743, 1, 51000]
[EL Fine]: sql: 2016-06-04 11:51:45.756--ClientSession(1066571089)--Connection(236444621)--Thread(Thread[Test worker,5,main])--INSERT INTO ast_User_T (userId, allowMultipleLogin, changePasswordNextLogin, genTempOneTimePassword, isDeleted, isLocked, lastPasswordChangeDate, multiFactorAuthEnabled, passwordAlgo, passwordExpiryDate, sessionTimeout, userAccessCode, userAccessDomainId, userAccessLevelId, versionId, createdBy, createdDate, updatedBy, updatedDate, activeStatus, txnAccessCode) VALUES (?, ?, ?, ?, ?, ?, ?, ?, ?, ?, ?, ?, ?, ?, ?, ?, ?, ?, ?, ?, ?)
	bind => [C6507295-ECA7-46CC-86DD-4DCF9422274B, 1, 1, 1, 1, 1, 2016-06-04 11:44:07.433, 1, vikzWTSRpqsuL1aTPh7NmbnDcXKG9PyTodtlP5EJm7fWCjpB6d, 2016-06-04 11:44:07.433, 2037, 3434, E55D3B95-1190-4BF5-A9F3-A9412C5DDE7E, 6C88664A-0131-4D6E-AB7A-192928BC23F5, 1, AAAAA, 2016-06-04 11:51:45.728, AAAAA, 2016-06-04 11:51:45.728, 1, 51000]
[EL Fine]: sql: 2016-06-04 11:51:45.757--ClientSession(1066571089)--Connection(236444621)--Thread(Thread[Test worker,5,main])--INSERT INTO ast_PassRecovery_TP (passRecoveryId, answer, questionId, versionId, createdBy, createdDate, updatedBy, updatedDate, activeStatus, txnAccessCode, userId) VALUES (?, ?, ?, ?, ?, ?, ?, ?, ?, ?, ?)
	bind => [3D820B68-D2FB-4E00-B174-40D31990433D, ijJH9MOGJHWkC5KZqd64zePza1C81iVIMsBloJPgOJ6Kdod1Y4, 497B0F08-8427-425C-BA65-A2A88A3C8734, 1, AAAAA, 2016-06-04 11:51:45.743, AAAAA, 2016-06-04 11:51:45.743, 1, 51000, C6507295-ECA7-46CC-86DD-4DCF9422274B]
[EL Fine]: sql: 2016-06-04 11:51:45.758--ClientSession(1066571089)--Connection(236444621)--Thread(Thread[Test worker,5,main])--INSERT INTO ast_UserData_TP (userDataId, last5Passwords, oneTimePassword, oneTimePasswordExpiry, oneTimePasswordGenDate, password, versionId, createdBy, createdDate, updatedBy, updatedDate, activeStatus, txnAccessCode, userId) VALUES (?, ?, ?, ?, ?, ?, ?, ?, ?, ?, ?, ?, ?, ?)
	bind => [E82B07E3-B137-41AB-B841-2A04D094DE2D, 7KhkBp9UH7Liowltd1FYJqhvr8AIPWGYYyFm9peiUvvA53tWYV, Ds9aCHlPu0tqZs7G9zIW9qzcYAcq14y0, 3, 2016-06-04 11:44:07.931, KkAmoj3oe7ZcmZ8bJE0ht6bei1Hhe9QLQsHaB4iFxd3zIHFqDM, 1, AAAAA, 2016-06-04 11:51:45.749, AAAAA, 2016-06-04 11:51:45.749, 1, 51000, C6507295-ECA7-46CC-86DD-4DCF9422274B]
[EL Fine]: sql: 2016-06-04 11:51:45.766--ClientSession(354961704)--Connection(236444621)--Thread(Thread[Test worker,5,main])--INSERT INTO ast_Roles_T (roleId, RoleDescription, roleHelp, RoleIcon, RoleName, versionId, createdBy, createdDate, updatedBy, updatedDate, activeStatus, txnAccessCode) VALUES (?, ?, ?, ?, ?, ?, ?, ?, ?, ?, ?, ?)
	bind => [B48DF8BC-A4C4-4118-A6D3-05373390428E, 6NPbvD4ZJ2lBjoJaFaUgICpdnKV8C5M8Ib7AqcwECEjrG0GUDm, m3ycPhzQhE06hbD7r7cmN69Uu7ob2PXCDIVQUpVueOEDGh62Iz, Kh4q0I8qdX7Zt327kmlacTxpOV25rbS7SbnCvJHeQDYkGcLTgb, LES1UpIKCSAp9cKqSHFX2Q95hRYBU0ScERmE44U0UICkmbhekn, 1, AAAAA, 2016-06-04 11:51:45.761, AAAAA, 2016-06-04 11:51:45.761, 1, 51000]
Setting logged in user info for ADD
[EL Fine]: sql: 2016-06-04 11:51:45.771--ClientSession(1582350569)--Connection(236444621)--Thread(Thread[Test worker,5,main])--INSERT INTO ast_UserRoleBridge_T (roleUserMapId, roleId, userId, versionId, createdBy, createdDate, updatedBy, updatedDate, activeStatus, txnAccessCode) VALUES (?, ?, ?, ?, ?, ?, ?, ?, ?, ?)
	bind => [EFC99F08-EF0D-4D15-96FA-B7EE0BDB6430, B48DF8BC-A4C4-4118-A6D3-05373390428E, C6507295-ECA7-46CC-86DD-4DCF9422274B, 1, AAAAA, 2016-06-04 11:51:45.768, AAAAA, 2016-06-04 11:51:45.768, 1, 51000]
[EL Fine]: sql: 2016-06-04 11:51:45.782--ClientSession(1672082040)--Connection(236444621)--Thread(Thread[Test worker,5,main])--SELECT roleUserMapId, roleId, userId, versionId, createdBy, createdDate, updatedBy, updatedDate, activeStatus, txnAccessCode FROM ast_UserRoleBridge_T WHERE ((activeStatus = ?) AND (roleUserMapId = ?))
	bind => [1, EFC99F08-EF0D-4D15-96FA-B7EE0BDB6430]
Setting logged in user info for UPDATE
[EL Fine]: sql: 2016-06-04 11:51:45.786--ClientSession(1847379307)--Connection(236444621)--Thread(Thread[Test worker,5,main])--SELECT roleUserMapId, roleId, userId, versionId, createdBy, createdDate, updatedBy, updatedDate, activeStatus, txnAccessCode FROM ast_UserRoleBridge_T WHERE (roleUserMapId = ?)
	bind => [EFC99F08-EF0D-4D15-96FA-B7EE0BDB6430]
[EL Fine]: sql: 2016-06-04 11:51:45.791--ClientSession(1020810776)--Connection(236444621)--Thread(Thread[Test worker,5,main])--SELECT roleUserMapId, roleId, userId, versionId, createdBy, createdDate, updatedBy, updatedDate, activeStatus, txnAccessCode FROM ast_UserRoleBridge_T WHERE ((activeStatus = ?) AND (roleUserMapId = ?))
	bind => [1, EFC99F08-EF0D-4D15-96FA-B7EE0BDB6430]
[EL Fine]: sql: 2016-06-04 11:51:45.798--ClientSession(945628849)--Connection(236444621)--Thread(Thread[Test worker,5,main])--SELECT roleUserMapId, roleId, userId, versionId, createdBy, createdDate, updatedBy, updatedDate, activeStatus, txnAccessCode FROM ast_UserRoleBridge_T WHERE ((activeStatus = ?) AND (roleId = ?))
	bind => [1, B48DF8BC-A4C4-4118-A6D3-05373390428E]
[EL Fine]: sql: 2016-06-04 11:51:45.804--ClientSession(1103943898)--Connection(236444621)--Thread(Thread[Test worker,5,main])--SELECT roleUserMapId, roleId, userId, versionId, createdBy, createdDate, updatedBy, updatedDate, activeStatus, txnAccessCode FROM ast_UserRoleBridge_T WHERE ((activeStatus = ?) AND (userId = ?))
	bind => [1, C6507295-ECA7-46CC-86DD-4DCF9422274B]
[EL Fine]: sql: 2016-06-04 11:51:45.814--ClientSession(1684715011)--Connection(236444621)--Thread(Thread[Test worker,5,main])--SELECT roleUserMapId, roleId, userId, versionId, createdBy, createdDate, updatedBy, updatedDate, activeStatus, txnAccessCode FROM ast_UserRoleBridge_T WHERE (roleUserMapId = ?)
	bind => [EFC99F08-EF0D-4D15-96FA-B7EE0BDB6430]
[EL Fine]: sql: 2016-06-04 11:51:45.815--ClientSession(1684715011)--Connection(236444621)--Thread(Thread[Test worker,5,main])--DELETE FROM ast_UserRoleBridge_T WHERE ((roleUserMapId = ?) AND (versionId = ?))
	bind => [EFC99F08-EF0D-4D15-96FA-B7EE0BDB6430, 1]
[EL Fine]: sql: 2016-06-04 11:51:45.819--ClientSession(1967841092)--Connection(236444621)--Thread(Thread[Test worker,5,main])--SELECT roleId, RoleDescription, roleHelp, RoleIcon, RoleName, versionId, createdBy, createdDate, updatedBy, updatedDate, activeStatus, txnAccessCode FROM ast_Roles_T WHERE (roleId = ?)
	bind => [B48DF8BC-A4C4-4118-A6D3-05373390428E]
[EL Fine]: sql: 2016-06-04 11:51:45.82--ClientSession(1967841092)--Connection(236444621)--Thread(Thread[Test worker,5,main])--SELECT roleMenuMapId, isExecute, isRead, isWrite, menuId, versionId, createdBy, createdDate, updatedBy, updatedDate, activeStatus, txnAccessCode, roleId FROM ast_RoleMenuBridge_TP WHERE (roleId = ?)
	bind => [B48DF8BC-A4C4-4118-A6D3-05373390428E]
[EL Fine]: sql: 2016-06-04 11:51:45.821--ClientSession(1967841092)--Connection(236444621)--Thread(Thread[Test worker,5,main])--DELETE FROM ast_Roles_T WHERE ((roleId = ?) AND (versionId = ?))
	bind => [B48DF8BC-A4C4-4118-A6D3-05373390428E, 1]
[EL Fine]: sql: 2016-06-04 11:51:45.824--ClientSession(1872036291)--Connection(236444621)--Thread(Thread[Test worker,5,main])--SELECT userId, allowMultipleLogin, changePasswordNextLogin, genTempOneTimePassword, isDeleted, isLocked, lastPasswordChangeDate, multiFactorAuthEnabled, passwordAlgo, passwordExpiryDate, sessionTimeout, userAccessCode, userAccessDomainId, userAccessLevelId, versionId, createdBy, createdDate, updatedBy, updatedDate, activeStatus, txnAccessCode FROM ast_User_T WHERE (userId = ?)
	bind => [C6507295-ECA7-46CC-86DD-4DCF9422274B]
[EL Fine]: sql: 2016-06-04 11:51:45.825--ClientSession(1872036291)--Connection(236444621)--Thread(Thread[Test worker,5,main])--SELECT userDataId, last5Passwords, oneTimePassword, oneTimePasswordExpiry, oneTimePasswordGenDate, password, versionId, createdBy, createdDate, updatedBy, updatedDate, activeStatus, txnAccessCode, userId FROM ast_UserData_TP WHERE (userId = ?)
	bind => [C6507295-ECA7-46CC-86DD-4DCF9422274B]
[EL Fine]: sql: 2016-06-04 11:51:45.826--ClientSession(1872036291)--Connection(236444621)--Thread(Thread[Test worker,5,main])--SELECT passRecoveryId, answer, questionId, versionId, createdBy, createdDate, updatedBy, updatedDate, activeStatus, txnAccessCode, userId FROM ast_PassRecovery_TP WHERE (userId = ?)
	bind => [C6507295-ECA7-46CC-86DD-4DCF9422274B]
[EL Fine]: sql: 2016-06-04 11:51:45.828--ClientSession(1872036291)--Connection(236444621)--Thread(Thread[Test worker,5,main])--DELETE FROM ast_UserData_TP WHERE ((userDataId = ?) AND (versionId = ?))
	bind => [E82B07E3-B137-41AB-B841-2A04D094DE2D, 1]
[EL Fine]: sql: 2016-06-04 11:51:45.829--ClientSession(1872036291)--Connection(236444621)--Thread(Thread[Test worker,5,main])--DELETE FROM ast_PassRecovery_TP WHERE ((passRecoveryId = ?) AND (versionId = ?))
	bind => [3D820B68-D2FB-4E00-B174-40D31990433D, 1]
[EL Fine]: sql: 2016-06-04 11:51:45.829--ClientSession(1872036291)--Connection(236444621)--Thread(Thread[Test worker,5,main])--DELETE FROM ast_User_T WHERE ((userId = ?) AND (versionId = ?))
	bind => [C6507295-ECA7-46CC-86DD-4DCF9422274B, 1]
[EL Fine]: sql: 2016-06-04 11:51:45.833--ClientSession(278956970)--Connection(236444621)--Thread(Thread[Test worker,5,main])--SELECT questionId, levelid, question, questionDetails, questionIcon, versionId, createdBy, createdDate, updatedBy, updatedDate, activeStatus, txnAccessCode FROM ast_Question_M WHERE (questionId = ?)
	bind => [497B0F08-8427-425C-BA65-A2A88A3C8734]
[EL Fine]: sql: 2016-06-04 11:51:45.834--ClientSession(278956970)--Connection(236444621)--Thread(Thread[Test worker,5,main])--DELETE FROM ast_Question_M WHERE ((questionId = ?) AND (versionId = ?))
	bind => [497B0F08-8427-425C-BA65-A2A88A3C8734, 1]
[EL Fine]: sql: 2016-06-04 11:51:45.837--ClientSession(271671215)--Connection(236444621)--Thread(Thread[Test worker,5,main])--SELECT userAccessLevelId, levelDescription, levelHelp, levelIcon, levelName, userAccessLevel, versionId, createdBy, createdDate, updatedBy, updatedDate, activeStatus, txnAccessCode FROM ast_UserAccessLevel_M WHERE (userAccessLevelId = ?)
	bind => [6C88664A-0131-4D6E-AB7A-192928BC23F5]
[EL Fine]: sql: 2016-06-04 11:51:45.839--ClientSession(271671215)--Connection(236444621)--Thread(Thread[Test worker,5,main])--DELETE FROM ast_UserAccessLevel_M WHERE ((userAccessLevelId = ?) AND (versionId = ?))
	bind => [6C88664A-0131-4D6E-AB7A-192928BC23F5, 1]
[EL Fine]: sql: 2016-06-04 11:51:45.842--ClientSession(744520275)--Connection(236444621)--Thread(Thread[Test worker,5,main])--SELECT userAccessDomainId, domainDescription, domainHelp, domainIcon, domainName, userAccessDomain, versionId, createdBy, createdDate, updatedBy, updatedDate, activeStatus, txnAccessCode FROM ast_UserAccessDomain_M WHERE (userAccessDomainId = ?)
	bind => [E55D3B95-1190-4BF5-A9F3-A9412C5DDE7E]
[EL Fine]: sql: 2016-06-04 11:51:45.843--ClientSession(744520275)--Connection(236444621)--Thread(Thread[Test worker,5,main])--DELETE FROM ast_UserAccessDomain_M WHERE ((userAccessDomainId = ?) AND (versionId = ?))
	bind => [E55D3B95-1190-4BF5-A9F3-A9412C5DDE7E, 1]
]]></system-out>
  <system-err><![CDATA[]]></system-err>
</testsuite>
